[2013-11-22 14:46:22,264][INFO ][node                     ] [Aardwolf] {0.90.2}[10604]: initializing ...
[2013-11-22 14:46:22,268][DEBUG][node                     ] [Aardwolf] using home [C:\Dev\git\whalewired.tools\whalewired.tools\elasticsearch-0.90.2], config [C:\Dev\git\whalewired.tools\whalewired.tools\elasticsearch-0.90.2\config], data [[..\elasticsearch-0.90.2.data]], logs [C:\Dev\git\whalewired.tools\whalewired.tools\elasticsearch-0.90.2\logs], work [C:\Dev\git\whalewired.tools\whalewired.tools\elasticsearch-0.90.2\work], plugins [C:\Dev\git\whalewired.tools\whalewired.tools\elasticsearch-0.90.2\plugins]
[2013-11-22 14:46:22,290][INFO ][plugins                  ] [Aardwolf] loaded [], sites [head]
[2013-11-22 14:46:22,329][DEBUG][common.compress.lzf      ] using [UnsafeChunkDecoder] decoder
[2013-11-22 14:46:22,371][DEBUG][env                      ] [Aardwolf] using node location [[..\elasticsearch-0.90.2.data\whalewired_cluster2\nodes\0]], local_node_id [0]
[2013-11-22 14:46:23,924][DEBUG][threadpool               ] [Aardwolf] creating thread_pool [generic], type [cached], keep_alive [30s]
[2013-11-22 14:46:23,938][DEBUG][threadpool               ] [Aardwolf] creating thread_pool [index], type [fixed], size [4], queue_size [null], reject_policy [abort], queue_type [linked]
[2013-11-22 14:46:23,938][DEBUG][threadpool               ] [Aardwolf] creating thread_pool [bulk], type [fixed], size [4], queue_size [null], reject_policy [abort], queue_type [linked]
[2013-11-22 14:46:23,938][DEBUG][threadpool               ] [Aardwolf] creating thread_pool [get], type [fixed], size [4], queue_size [null], reject_policy [abort], queue_type [linked]
[2013-11-22 14:46:23,942][DEBUG][threadpool               ] [Aardwolf] creating thread_pool [search], type [fixed], size [12], queue_size [1k], reject_policy [abort], queue_type [linked]
[2013-11-22 14:46:23,942][DEBUG][threadpool               ] [Aardwolf] creating thread_pool [percolate], type [fixed], size [4], queue_size [null], reject_policy [abort], queue_type [linked]
[2013-11-22 14:46:23,942][DEBUG][threadpool               ] [Aardwolf] creating thread_pool [management], type [scaling], min [1], size [5], keep_alive [5m]
[2013-11-22 14:46:23,944][DEBUG][threadpool               ] [Aardwolf] creating thread_pool [flush], type [scaling], min [1], size [2], keep_alive [5m]
[2013-11-22 14:46:23,944][DEBUG][threadpool               ] [Aardwolf] creating thread_pool [merge], type [scaling], min [1], size [2], keep_alive [5m]
[2013-11-22 14:46:23,945][DEBUG][threadpool               ] [Aardwolf] creating thread_pool [refresh], type [scaling], min [1], size [2], keep_alive [5m]
[2013-11-22 14:46:23,945][DEBUG][threadpool               ] [Aardwolf] creating thread_pool [warmer], type [scaling], min [1], size [2], keep_alive [5m]
[2013-11-22 14:46:23,945][DEBUG][threadpool               ] [Aardwolf] creating thread_pool [snapshot], type [scaling], min [1], size [2], keep_alive [5m]
[2013-11-22 14:46:23,976][DEBUG][transport.netty          ] [Aardwolf] using worker_count[8], port[9300-9400], bind_host[null], publish_host[null], compress[false], connect_timeout[30s], connections_per_node[2/6/1], receive_predictor[512kb->512kb]
[2013-11-22 14:46:23,987][DEBUG][discovery.zen.ping.multicast] [Aardwolf] using group [224.2.2.4], with port [54328], ttl [3], and address [null]
[2013-11-22 14:46:23,994][DEBUG][discovery.zen.ping.unicast] [Aardwolf] using initial hosts [], with concurrent_connects [10]
[2013-11-22 14:46:23,998][DEBUG][discovery.zen            ] [Aardwolf] using ping.timeout [3s], master_election.filter_client [true], master_election.filter_data [false]
[2013-11-22 14:46:23,999][DEBUG][discovery.zen.elect      ] [Aardwolf] using minimum_master_nodes [-1]
[2013-11-22 14:46:24,000][DEBUG][discovery.zen.fd         ] [Aardwolf] [master] uses ping_interval [1s], ping_timeout [30s], ping_retries [3]
[2013-11-22 14:46:24,007][DEBUG][discovery.zen.fd         ] [Aardwolf] [node  ] uses ping_interval [1s], ping_timeout [30s], ping_retries [3]
[2013-11-22 14:46:24,045][DEBUG][monitor.jvm              ] [Aardwolf] enabled [true], last_gc_enabled [false], interval [1s], gc_threshold [{default=GcThreshold{name='default', warnThreshold=10000, infoThreshold=5000, debugThreshold=2000}, ParNew=GcThreshold{name='ParNew', warnThreshold=1000, infoThreshold=700, debugThreshold=400}, ConcurrentMarkSweep=GcThreshold{name='ConcurrentMarkSweep', warnThreshold=10000, infoThreshold=5000, debugThreshold=2000}}]
[2013-11-22 14:46:24,665][DEBUG][monitor.os               ] [Aardwolf] Using probe [org.elasticsearch.monitor.os.SigarOsProbe@295692bb] with refresh_interval [1s]
[2013-11-22 14:46:24,696][DEBUG][monitor.process          ] [Aardwolf] Using probe [org.elasticsearch.monitor.process.SigarProcessProbe@56d046c9] with refresh_interval [1s]
[2013-11-22 14:46:24,710][DEBUG][monitor.jvm              ] [Aardwolf] Using refresh_interval [1s]
[2013-11-22 14:46:24,711][DEBUG][monitor.network          ] [Aardwolf] Using probe [org.elasticsearch.monitor.network.SigarNetworkProbe@241351a4] with refresh_interval [5s]
[2013-11-22 14:46:25,349][DEBUG][monitor.network          ] [Aardwolf] net_info
host [CSCDNKAE694216]
lo	display_name [Software Loopback Interface 1]
		address [/127.0.0.1] [/0:0:0:0:0:0:0:1] 
		mtu [-1] multicast [true] ptp [false] loopback [true] up [true] virtual [false]
net0	display_name [WAN Miniport (SSTP)]
		address 
		mtu [-1] multicast [true] ptp [false] loopback [false] up [false] virtual [false]
net1	display_name [WAN Miniport (L2TP)]
		address 
		mtu [-1] multicast [true] ptp [false] loopback [false] up [false] virtual [false]
net2	display_name [WAN Miniport (PPTP)]
		address 
		mtu [-1] multicast [true] ptp [false] loopback [false] up [false] virtual [false]
ppp0	display_name [WAN Miniport (PPPOE)]
		address 
		mtu [-1] multicast [true] ptp [false] loopback [false] up [false] virtual [false]
eth0	display_name [WAN Miniport (IPv6)]
		address 
		mtu [-1] multicast [true] ptp [false] loopback [false] up [false] virtual [false]
eth1	display_name [WAN Miniport (Network Monitor)]
		address 
		mtu [-1] multicast [true] ptp [false] loopback [false] up [false] virtual [false]
eth2	display_name [WAN Miniport (IP)]
		address 
		mtu [-1] multicast [true] ptp [false] loopback [false] up [false] virtual [false]
ppp1	display_name [RAS Async Adapter]
		address 
		mtu [-1] multicast [true] ptp [false] loopback [false] up [false] virtual [false]
net3	display_name [WAN Miniport (IKEv2)]
		address 
		mtu [-1] multicast [true] ptp [false] loopback [false] up [false] virtual [false]
eth3	display_name [Intel(R) 82579LM Gigabit Network Connection]
		address [/20.45.104.80] 
		mtu [1500] multicast [true] ptp [false] loopback [false] up [true] virtual [false]
net4	display_name [Intel(R) Centrino(R) Advanced-N 6205]
		address 
		mtu [1500] multicast [true] ptp [false] loopback [false] up [true] virtual [false]
eth4	display_name [Nortel VPN Adapter]
		address 
		mtu [1500] multicast [true] ptp [false] loopback [false] up [true] virtual [false]
net5	display_name [F5 Networks VPN Adapter]
		address 
		mtu [-1] multicast [true] ptp [false] loopback [false] up [false] virtual [false]
net6	display_name [null]
		address 
		mtu [-1] multicast [true] ptp [false] loopback [false] up [false] virtual [false]
net7	display_name [null]
		address 
		mtu [-1] multicast [true] ptp [false] loopback [false] up [false] virtual [false]
net8	display_name [null]
		address 
		mtu [-1] multicast [true] ptp [false] loopback [false] up [false] virtual [false]
net9	display_name [null]
		address 
		mtu [-1] multicast [true] ptp [false] loopback [false] up [false] virtual [false]
eth5	display_name [Juniper Network Connect Virtual Adapter]
		address 
		mtu [1500] multicast [true] ptp [false] loopback [false] up [true] virtual [false]
eth6	display_name [Intel(R) 82579LM Gigabit Network Connection - VirtualBox Bridged Networking Driver Miniport]
		address 
		mtu [-1] multicast [true] ptp [false] loopback [false] up [false] virtual [false]
eth7	display_name [Intel(R) Centrino(R) Advanced-N 6205 - VirtualBox Bridged Networking Driver Miniport]
		address 
		mtu [-1] multicast [true] ptp [false] loopback [false] up [false] virtual [false]
eth8	display_name [VirtualBox Host-Only Ethernet Adapter]
		address [/192.168.56.1] 
		mtu [1500] multicast [true] ptp [false] loopback [false] up [true] virtual [false]
net10	display_name [Intel(R) Centrino(R) Advanced-N 6205-Virtual WiFi Filter Driver-0000]
		address 
		mtu [-1] multicast [true] ptp [false] loopback [false] up [false] virtual [false]
eth9	display_name [Juniper Network Connect Virtual Adapter-McAfee NDIS Light-Weight Filter-0000]
		address 
		mtu [-1] multicast [true] ptp [false] loopback [false] up [false] virtual [false]
eth10	display_name [WAN Miniport (Network Monitor)-McAfee NDIS Light-Weight Filter-0000]
		address 
		mtu [-1] multicast [true] ptp [false] loopback [false] up [false] virtual [false]
eth11	display_name [WAN Miniport (Network Monitor)-QoS Packet Scheduler-0000]
		address 
		mtu [-1] multicast [true] ptp [false] loopback [false] up [false] virtual [false]
eth12	display_name [WAN Miniport (IP)-McAfee NDIS Light-Weight Filter-0000]
		address 
		mtu [-1] multicast [true] ptp [false] loopback [false] up [false] virtual [false]
eth13	display_name [WAN Miniport (IP)-QoS Packet Scheduler-0000]
		address 
		mtu [-1] multicast [true] ptp [false] loopback [false] up [false] virtual [false]
eth14	display_name [WAN Miniport (IPv6)-McAfee NDIS Light-Weight Filter-0000]
		address 
		mtu [-1] multicast [true] ptp [false] loopback [false] up [false] virtual [false]
eth15	display_name [WAN Miniport (IPv6)-QoS Packet Scheduler-0000]
		address 
		mtu [-1] multicast [true] ptp [false] loopback [false] up [false] virtual [false]
eth16	display_name [Nortel VPN Adapter-McAfee NDIS Light-Weight Filter-0000]
		address 
		mtu [-1] multicast [true] ptp [false] loopback [false] up [false] virtual [false]
eth17	display_name [Nortel VPN Adapter-QoS Packet Scheduler-0000]
		address 
		mtu [-1] multicast [true] ptp [false] loopback [false] up [false] virtual [false]
eth18	display_name [Nortel VPN Adapter-WFP LightWeight Filter-0000]
		address 
		mtu [-1] multicast [true] ptp [false] loopback [false] up [false] virtual [false]
eth19	display_name [VirtualBox Host-Only Ethernet Adapter-McAfee NDIS Light-Weight Filter-0000]
		address 
		mtu [-1] multicast [true] ptp [false] loopback [false] up [false] virtual [false]
eth20	display_name [VirtualBox Host-Only Ethernet Adapter-QoS Packet Scheduler-0000]
		address 
		mtu [-1] multicast [true] ptp [false] loopback [false] up [false] virtual [false]
eth21	display_name [VirtualBox Host-Only Ethernet Adapter-WFP LightWeight Filter-0000]
		address 
		mtu [-1] multicast [true] ptp [false] loopback [false] up [false] virtual [false]
eth22	display_name [Intel(R) 82579LM Gigabit Network Connection - VirtualBox Bridged Networking Driver Miniport-McAfee NDIS Light-Weight Filter-0000]
		address 
		mtu [-1] multicast [true] ptp [false] loopback [false] up [false] virtual [false]
eth23	display_name [Intel(R) 82579LM Gigabit Network Connection - VirtualBox Bridged Networking Driver Miniport-QoS Packet Scheduler-0000]
		address 
		mtu [-1] multicast [true] ptp [false] loopback [false] up [false] virtual [false]
eth24	display_name [Intel(R) 82579LM Gigabit Network Connection - VirtualBox Bridged Networking Driver Miniport-WFP LightWeight Filter-0000]
		address 
		mtu [-1] multicast [true] ptp [false] loopback [false] up [false] virtual [false]
net11	display_name [Intel(R) Centrino(R) Advanced-N 6205-Native WiFi Filter Driver-0000]
		address 
		mtu [-1] multicast [true] ptp [false] loopback [false] up [false] virtual [false]
eth25	display_name [Intel(R) Centrino(R) Advanced-N 6205 - VirtualBox Bridged Networking Driver Miniport-McAfee NDIS Light-Weight Filter-0000]
		address 
		mtu [-1] multicast [true] ptp [false] loopback [false] up [false] virtual [false]
eth26	display_name [Intel(R) Centrino(R) Advanced-N 6205 - VirtualBox Bridged Networking Driver Miniport-QoS Packet Scheduler-0000]
		address 
		mtu [-1] multicast [true] ptp [false] loopback [false] up [false] virtual [false]
eth27	display_name [Intel(R) Centrino(R) Advanced-N 6205 - VirtualBox Bridged Networking Driver Miniport-WFP LightWeight Filter-0000]
		address 
		mtu [-1] multicast [true] ptp [false] loopback [false] up [false] virtual [false]

[2013-11-22 14:46:26,397][DEBUG][monitor.fs               ] [Aardwolf] Using probe [org.elasticsearch.monitor.fs.SigarFsProbe@93e03c2] with refresh_interval [1s]
[2013-11-22 14:46:26,803][DEBUG][indices.store            ] [Aardwolf] using indices.store.throttle.type [MERGE], with index.store.throttle.max_bytes_per_sec [20mb]
[2013-11-22 14:46:26,812][DEBUG][cache.memory             ] [Aardwolf] using bytebuffer cache with small_buffer_size [1kb], large_buffer_size [1mb], small_cache_size [10mb], large_cache_size [500mb], direct [true]
[2013-11-22 14:46:26,824][DEBUG][script                   ] [Aardwolf] using script cache with max_size [500], expire [null]
[2013-11-22 14:46:26,865][DEBUG][cluster.routing.allocation.decider] [Aardwolf] using node_concurrent_recoveries [2], node_initial_primaries_recoveries [4]
[2013-11-22 14:46:26,867][DEBUG][cluster.routing.allocation.decider] [Aardwolf] using [cluster.routing.allocation.allow_rebalance] with [indices_all_active]
[2013-11-22 14:46:26,868][DEBUG][cluster.routing.allocation.decider] [Aardwolf] using [cluster_concurrent_rebalance] with [2]
[2013-11-22 14:46:26,873][DEBUG][gateway.local            ] [Aardwolf] using initial_shards [quorum], list_timeout [30s]
[2013-11-22 14:46:27,007][DEBUG][indices.recovery         ] [Aardwolf] using max_bytes_per_sec[20mb], concurrent_streams [3], file_chunk_size [512kb], translog_size [512kb], translog_ops [1000], and compress [true]
[2013-11-22 14:46:27,070][DEBUG][http.netty               ] [Aardwolf] using max_chunk_size[8kb], max_header_size[8kb], max_initial_line_length[4kb], max_content_length[100mb], receive_predictor[512kb->512kb]
[2013-11-22 14:46:27,085][DEBUG][indices.memory           ] [Aardwolf] using index_buffer_size [99mb], with min_shard_index_buffer_size [4mb], max_shard_index_buffer_size [512mb], shard_inactive_time [30m]
[2013-11-22 14:46:27,089][DEBUG][indices.cache.filter     ] [Aardwolf] using [node] weighted filter cache with size [20%], actual_size [198.1mb], expire [null], clean_interval [1m]
[2013-11-22 14:46:27,093][DEBUG][indices.fielddata.cache  ] [Aardwolf] using size [-1] [-1b], expire [null]
[2013-11-22 14:46:27,119][DEBUG][gateway.local.state.meta ] [Aardwolf] using gateway.local.auto_import_dangled [YES], with gateway.local.dangling_timeout [2h]
[2013-11-22 14:46:27,122][DEBUG][gateway.local.state.meta ] [Aardwolf] took 2ms to load state
[2013-11-22 14:46:27,125][DEBUG][gateway.local.state.shards] [Aardwolf] took 1ms to load started shards state
[2013-11-22 14:46:27,128][DEBUG][bulk.udp                 ] [Aardwolf] using enabled [false], host [null], port [9700-9800], bulk_actions [1000], bulk_size [5mb], flush_interval [5s], concurrent_requests [4]
[2013-11-22 14:46:27,131][INFO ][node                     ] [Aardwolf] {0.90.2}[10604]: initialized
[2013-11-22 14:46:27,132][INFO ][node                     ] [Aardwolf] {0.90.2}[10604]: starting ...
[2013-11-22 14:46:27,280][DEBUG][netty.channel.socket.nio.SelectorUtil] Using select timeout of 500
[2013-11-22 14:46:27,281][DEBUG][netty.channel.socket.nio.SelectorUtil] Epoll-bug workaround enabled = false
[2013-11-22 14:46:27,381][DEBUG][transport.netty          ] [Aardwolf] Bound to address [/0:0:0:0:0:0:0:0:9300]
[2013-11-22 14:46:27,570][INFO ][transport                ] [Aardwolf] bound_address {inet[/0:0:0:0:0:0:0:0:9300]}, publish_address {inet[/20.45.104.80:9300]}
[2013-11-22 14:46:31,077][DEBUG][discovery.zen            ] [Aardwolf] filtered ping responses: (filter_client[true], filter_data[false]) {none}
[2013-11-22 14:46:31,083][DEBUG][cluster.service          ] [Aardwolf] processing [zen-disco-join (elected_as_master)]: execute
[2013-11-22 14:46:31,084][DEBUG][cluster.service          ] [Aardwolf] cluster state updated, version [1], source [zen-disco-join (elected_as_master)]
[2013-11-22 14:46:31,086][INFO ][cluster.service          ] [Aardwolf] new_master [Aardwolf][U0XWtxvbTtO9Qebt-sMVBQ][inet[/20.45.104.80:9300]], reason: zen-disco-join (elected_as_master)
[2013-11-22 14:46:31,124][DEBUG][transport.netty          ] [Aardwolf] connected to node [[Aardwolf][U0XWtxvbTtO9Qebt-sMVBQ][inet[/20.45.104.80:9300]]]
[2013-11-22 14:46:31,129][DEBUG][cluster.service          ] [Aardwolf] processing [zen-disco-join (elected_as_master)]: done applying updated cluster_state
[2013-11-22 14:46:31,129][DEBUG][river.cluster            ] [Aardwolf] processing [reroute_rivers_node_changed]: execute
[2013-11-22 14:46:31,129][INFO ][discovery                ] [Aardwolf] whalewired_cluster2/U0XWtxvbTtO9Qebt-sMVBQ
[2013-11-22 14:46:31,130][DEBUG][river.cluster            ] [Aardwolf] processing [reroute_rivers_node_changed]: no change in cluster_state
[2013-11-22 14:46:31,145][DEBUG][cluster.service          ] [Aardwolf] processing [local-gateway-elected-state]: execute
[2013-11-22 14:46:31,199][DEBUG][cluster.service          ] [Aardwolf] cluster state updated, version [2], source [local-gateway-elected-state]
[2013-11-22 14:46:31,200][DEBUG][river.cluster            ] [Aardwolf] processing [reroute_rivers_node_changed]: execute
[2013-11-22 14:46:31,200][DEBUG][river.cluster            ] [Aardwolf] processing [reroute_rivers_node_changed]: no change in cluster_state
[2013-11-22 14:46:31,280][INFO ][gateway                  ] [Aardwolf] recovered [0] indices into cluster_state
[2013-11-22 14:46:31,281][DEBUG][cluster.service          ] [Aardwolf] processing [local-gateway-elected-state]: done applying updated cluster_state
[2013-11-22 14:46:31,398][INFO ][http                     ] [Aardwolf] bound_address {inet[/0:0:0:0:0:0:0:0:9200]}, publish_address {inet[/20.45.104.80:9200]}
[2013-11-22 14:46:31,399][INFO ][node                     ] [Aardwolf] {0.90.2}[10604]: started
[2013-11-22 14:46:41,125][DEBUG][cluster.service          ] [Aardwolf] processing [routing-table-updater]: execute
[2013-11-22 14:46:41,125][DEBUG][cluster.service          ] [Aardwolf] processing [routing-table-updater]: no change in cluster_state
[2013-11-22 14:47:32,477][INFO ][node                     ] [Aardwolf] {0.90.2}[10604]: stopping ...
[2013-11-22 14:47:32,503][INFO ][node                     ] [Aardwolf] {0.90.2}[10604]: stopped
[2013-11-22 14:47:32,504][INFO ][node                     ] [Aardwolf] {0.90.2}[10604]: closing ...
[2013-11-22 14:47:32,528][INFO ][node                     ] [Aardwolf] {0.90.2}[10604]: closed
[2013-11-22 14:47:54,414][INFO ][node                     ] [Aardwolf] {0.90.2}[636]: initializing ...
[2013-11-22 14:47:54,414][DEBUG][node                     ] [Aardwolf] using home [C:\Dev\git\whalewired.tools\whalewired.tools\elasticsearch-0.90.2], config [C:\Dev\git\whalewired.tools\whalewired.tools\elasticsearch-0.90.2\config], data [[..\..\elasticsearch-0.90.2.data]], logs [C:\Dev\git\whalewired.tools\whalewired.tools\elasticsearch-0.90.2\logs], work [C:\Dev\git\whalewired.tools\whalewired.tools\elasticsearch-0.90.2\work], plugins [C:\Dev\git\whalewired.tools\whalewired.tools\elasticsearch-0.90.2\plugins]
[2013-11-22 14:47:54,437][INFO ][plugins                  ] [Aardwolf] loaded [], sites [head]
[2013-11-22 14:47:54,470][DEBUG][common.compress.lzf      ] using [UnsafeChunkDecoder] decoder
[2013-11-22 14:47:54,505][DEBUG][env                      ] [Aardwolf] using node location [[..\..\elasticsearch-0.90.2.data\whalewired_cluster2\nodes\0]], local_node_id [0]
[2013-11-22 14:47:56,080][DEBUG][threadpool               ] [Aardwolf] creating thread_pool [generic], type [cached], keep_alive [30s]
[2013-11-22 14:47:56,093][DEBUG][threadpool               ] [Aardwolf] creating thread_pool [index], type [fixed], size [4], queue_size [null], reject_policy [abort], queue_type [linked]
[2013-11-22 14:47:56,094][DEBUG][threadpool               ] [Aardwolf] creating thread_pool [bulk], type [fixed], size [4], queue_size [null], reject_policy [abort], queue_type [linked]
[2013-11-22 14:47:56,094][DEBUG][threadpool               ] [Aardwolf] creating thread_pool [get], type [fixed], size [4], queue_size [null], reject_policy [abort], queue_type [linked]
[2013-11-22 14:47:56,097][DEBUG][threadpool               ] [Aardwolf] creating thread_pool [search], type [fixed], size [12], queue_size [1k], reject_policy [abort], queue_type [linked]
[2013-11-22 14:47:56,098][DEBUG][threadpool               ] [Aardwolf] creating thread_pool [percolate], type [fixed], size [4], queue_size [null], reject_policy [abort], queue_type [linked]
[2013-11-22 14:47:56,098][DEBUG][threadpool               ] [Aardwolf] creating thread_pool [management], type [scaling], min [1], size [5], keep_alive [5m]
[2013-11-22 14:47:56,100][DEBUG][threadpool               ] [Aardwolf] creating thread_pool [flush], type [scaling], min [1], size [2], keep_alive [5m]
[2013-11-22 14:47:56,100][DEBUG][threadpool               ] [Aardwolf] creating thread_pool [merge], type [scaling], min [1], size [2], keep_alive [5m]
[2013-11-22 14:47:56,100][DEBUG][threadpool               ] [Aardwolf] creating thread_pool [refresh], type [scaling], min [1], size [2], keep_alive [5m]
[2013-11-22 14:47:56,101][DEBUG][threadpool               ] [Aardwolf] creating thread_pool [warmer], type [scaling], min [1], size [2], keep_alive [5m]
[2013-11-22 14:47:56,101][DEBUG][threadpool               ] [Aardwolf] creating thread_pool [snapshot], type [scaling], min [1], size [2], keep_alive [5m]
[2013-11-22 14:47:56,130][DEBUG][transport.netty          ] [Aardwolf] using worker_count[8], port[9300-9400], bind_host[null], publish_host[null], compress[false], connect_timeout[30s], connections_per_node[2/6/1], receive_predictor[512kb->512kb]
[2013-11-22 14:47:56,141][DEBUG][discovery.zen.ping.multicast] [Aardwolf] using group [224.2.2.4], with port [54328], ttl [3], and address [null]
[2013-11-22 14:47:56,148][DEBUG][discovery.zen.ping.unicast] [Aardwolf] using initial hosts [], with concurrent_connects [10]
[2013-11-22 14:47:56,150][DEBUG][discovery.zen            ] [Aardwolf] using ping.timeout [3s], master_election.filter_client [true], master_election.filter_data [false]
[2013-11-22 14:47:56,151][DEBUG][discovery.zen.elect      ] [Aardwolf] using minimum_master_nodes [-1]
[2013-11-22 14:47:56,152][DEBUG][discovery.zen.fd         ] [Aardwolf] [master] uses ping_interval [1s], ping_timeout [30s], ping_retries [3]
[2013-11-22 14:47:56,160][DEBUG][discovery.zen.fd         ] [Aardwolf] [node  ] uses ping_interval [1s], ping_timeout [30s], ping_retries [3]
[2013-11-22 14:47:56,202][DEBUG][monitor.jvm              ] [Aardwolf] enabled [true], last_gc_enabled [false], interval [1s], gc_threshold [{default=GcThreshold{name='default', warnThreshold=10000, infoThreshold=5000, debugThreshold=2000}, ParNew=GcThreshold{name='ParNew', warnThreshold=1000, infoThreshold=700, debugThreshold=400}, ConcurrentMarkSweep=GcThreshold{name='ConcurrentMarkSweep', warnThreshold=10000, infoThreshold=5000, debugThreshold=2000}}]
[2013-11-22 14:47:56,776][DEBUG][monitor.os               ] [Aardwolf] Using probe [org.elasticsearch.monitor.os.SigarOsProbe@295692bb] with refresh_interval [1s]
[2013-11-22 14:47:56,804][DEBUG][monitor.process          ] [Aardwolf] Using probe [org.elasticsearch.monitor.process.SigarProcessProbe@56d046c9] with refresh_interval [1s]
[2013-11-22 14:47:56,813][DEBUG][monitor.jvm              ] [Aardwolf] Using refresh_interval [1s]
[2013-11-22 14:47:56,814][DEBUG][monitor.network          ] [Aardwolf] Using probe [org.elasticsearch.monitor.network.SigarNetworkProbe@241351a4] with refresh_interval [5s]
[2013-11-22 14:47:57,439][DEBUG][monitor.network          ] [Aardwolf] net_info
host [CSCDNKAE694216]
lo	display_name [Software Loopback Interface 1]
		address [/127.0.0.1] [/0:0:0:0:0:0:0:1] 
		mtu [-1] multicast [true] ptp [false] loopback [true] up [true] virtual [false]
net0	display_name [WAN Miniport (SSTP)]
		address 
		mtu [-1] multicast [true] ptp [false] loopback [false] up [false] virtual [false]
net1	display_name [WAN Miniport (L2TP)]
		address 
		mtu [-1] multicast [true] ptp [false] loopback [false] up [false] virtual [false]
net2	display_name [WAN Miniport (PPTP)]
		address 
		mtu [-1] multicast [true] ptp [false] loopback [false] up [false] virtual [false]
ppp0	display_name [WAN Miniport (PPPOE)]
		address 
		mtu [-1] multicast [true] ptp [false] loopback [false] up [false] virtual [false]
eth0	display_name [WAN Miniport (IPv6)]
		address 
		mtu [-1] multicast [true] ptp [false] loopback [false] up [false] virtual [false]
eth1	display_name [WAN Miniport (Network Monitor)]
		address 
		mtu [-1] multicast [true] ptp [false] loopback [false] up [false] virtual [false]
eth2	display_name [WAN Miniport (IP)]
		address 
		mtu [-1] multicast [true] ptp [false] loopback [false] up [false] virtual [false]
ppp1	display_name [RAS Async Adapter]
		address 
		mtu [-1] multicast [true] ptp [false] loopback [false] up [false] virtual [false]
net3	display_name [WAN Miniport (IKEv2)]
		address 
		mtu [-1] multicast [true] ptp [false] loopback [false] up [false] virtual [false]
eth3	display_name [Intel(R) 82579LM Gigabit Network Connection]
		address [/20.45.104.80] 
		mtu [1500] multicast [true] ptp [false] loopback [false] up [true] virtual [false]
net4	display_name [Intel(R) Centrino(R) Advanced-N 6205]
		address 
		mtu [1500] multicast [true] ptp [false] loopback [false] up [true] virtual [false]
eth4	display_name [Nortel VPN Adapter]
		address 
		mtu [1500] multicast [true] ptp [false] loopback [false] up [true] virtual [false]
net5	display_name [F5 Networks VPN Adapter]
		address 
		mtu [-1] multicast [true] ptp [false] loopback [false] up [false] virtual [false]
net6	display_name [null]
		address 
		mtu [-1] multicast [true] ptp [false] loopback [false] up [false] virtual [false]
net7	display_name [null]
		address 
		mtu [-1] multicast [true] ptp [false] loopback [false] up [false] virtual [false]
net8	display_name [null]
		address 
		mtu [-1] multicast [true] ptp [false] loopback [false] up [false] virtual [false]
net9	display_name [null]
		address 
		mtu [-1] multicast [true] ptp [false] loopback [false] up [false] virtual [false]
eth5	display_name [Juniper Network Connect Virtual Adapter]
		address 
		mtu [1500] multicast [true] ptp [false] loopback [false] up [true] virtual [false]
eth6	display_name [Intel(R) 82579LM Gigabit Network Connection - VirtualBox Bridged Networking Driver Miniport]
		address 
		mtu [-1] multicast [true] ptp [false] loopback [false] up [false] virtual [false]
eth7	display_name [Intel(R) Centrino(R) Advanced-N 6205 - VirtualBox Bridged Networking Driver Miniport]
		address 
		mtu [-1] multicast [true] ptp [false] loopback [false] up [false] virtual [false]
eth8	display_name [VirtualBox Host-Only Ethernet Adapter]
		address [/192.168.56.1] 
		mtu [1500] multicast [true] ptp [false] loopback [false] up [true] virtual [false]
net10	display_name [Intel(R) Centrino(R) Advanced-N 6205-Virtual WiFi Filter Driver-0000]
		address 
		mtu [-1] multicast [true] ptp [false] loopback [false] up [false] virtual [false]
eth9	display_name [Juniper Network Connect Virtual Adapter-McAfee NDIS Light-Weight Filter-0000]
		address 
		mtu [-1] multicast [true] ptp [false] loopback [false] up [false] virtual [false]
eth10	display_name [WAN Miniport (Network Monitor)-McAfee NDIS Light-Weight Filter-0000]
		address 
		mtu [-1] multicast [true] ptp [false] loopback [false] up [false] virtual [false]
eth11	display_name [WAN Miniport (Network Monitor)-QoS Packet Scheduler-0000]
		address 
		mtu [-1] multicast [true] ptp [false] loopback [false] up [false] virtual [false]
eth12	display_name [WAN Miniport (IP)-McAfee NDIS Light-Weight Filter-0000]
		address 
		mtu [-1] multicast [true] ptp [false] loopback [false] up [false] virtual [false]
eth13	display_name [WAN Miniport (IP)-QoS Packet Scheduler-0000]
		address 
		mtu [-1] multicast [true] ptp [false] loopback [false] up [false] virtual [false]
eth14	display_name [WAN Miniport (IPv6)-McAfee NDIS Light-Weight Filter-0000]
		address 
		mtu [-1] multicast [true] ptp [false] loopback [false] up [false] virtual [false]
eth15	display_name [WAN Miniport (IPv6)-QoS Packet Scheduler-0000]
		address 
		mtu [-1] multicast [true] ptp [false] loopback [false] up [false] virtual [false]
eth16	display_name [Nortel VPN Adapter-McAfee NDIS Light-Weight Filter-0000]
		address 
		mtu [-1] multicast [true] ptp [false] loopback [false] up [false] virtual [false]
eth17	display_name [Nortel VPN Adapter-QoS Packet Scheduler-0000]
		address 
		mtu [-1] multicast [true] ptp [false] loopback [false] up [false] virtual [false]
eth18	display_name [Nortel VPN Adapter-WFP LightWeight Filter-0000]
		address 
		mtu [-1] multicast [true] ptp [false] loopback [false] up [false] virtual [false]
eth19	display_name [VirtualBox Host-Only Ethernet Adapter-McAfee NDIS Light-Weight Filter-0000]
		address 
		mtu [-1] multicast [true] ptp [false] loopback [false] up [false] virtual [false]
eth20	display_name [VirtualBox Host-Only Ethernet Adapter-QoS Packet Scheduler-0000]
		address 
		mtu [-1] multicast [true] ptp [false] loopback [false] up [false] virtual [false]
eth21	display_name [VirtualBox Host-Only Ethernet Adapter-WFP LightWeight Filter-0000]
		address 
		mtu [-1] multicast [true] ptp [false] loopback [false] up [false] virtual [false]
eth22	display_name [Intel(R) 82579LM Gigabit Network Connection - VirtualBox Bridged Networking Driver Miniport-McAfee NDIS Light-Weight Filter-0000]
		address 
		mtu [-1] multicast [true] ptp [false] loopback [false] up [false] virtual [false]
eth23	display_name [Intel(R) 82579LM Gigabit Network Connection - VirtualBox Bridged Networking Driver Miniport-QoS Packet Scheduler-0000]
		address 
		mtu [-1] multicast [true] ptp [false] loopback [false] up [false] virtual [false]
eth24	display_name [Intel(R) 82579LM Gigabit Network Connection - VirtualBox Bridged Networking Driver Miniport-WFP LightWeight Filter-0000]
		address 
		mtu [-1] multicast [true] ptp [false] loopback [false] up [false] virtual [false]
net11	display_name [Intel(R) Centrino(R) Advanced-N 6205-Native WiFi Filter Driver-0000]
		address 
		mtu [-1] multicast [true] ptp [false] loopback [false] up [false] virtual [false]
eth25	display_name [Intel(R) Centrino(R) Advanced-N 6205 - VirtualBox Bridged Networking Driver Miniport-McAfee NDIS Light-Weight Filter-0000]
		address 
		mtu [-1] multicast [true] ptp [false] loopback [false] up [false] virtual [false]
eth26	display_name [Intel(R) Centrino(R) Advanced-N 6205 - VirtualBox Bridged Networking Driver Miniport-QoS Packet Scheduler-0000]
		address 
		mtu [-1] multicast [true] ptp [false] loopback [false] up [false] virtual [false]
eth27	display_name [Intel(R) Centrino(R) Advanced-N 6205 - VirtualBox Bridged Networking Driver Miniport-WFP LightWeight Filter-0000]
		address 
		mtu [-1] multicast [true] ptp [false] loopback [false] up [false] virtual [false]

[2013-11-22 14:47:59,014][DEBUG][monitor.fs               ] [Aardwolf] Using probe [org.elasticsearch.monitor.fs.SigarFsProbe@93e03c2] with refresh_interval [1s]
[2013-11-22 14:47:59,407][DEBUG][indices.store            ] [Aardwolf] using indices.store.throttle.type [MERGE], with index.store.throttle.max_bytes_per_sec [20mb]
[2013-11-22 14:47:59,421][DEBUG][cache.memory             ] [Aardwolf] using bytebuffer cache with small_buffer_size [1kb], large_buffer_size [1mb], small_cache_size [10mb], large_cache_size [500mb], direct [true]
[2013-11-22 14:47:59,435][DEBUG][script                   ] [Aardwolf] using script cache with max_size [500], expire [null]
[2013-11-22 14:47:59,487][DEBUG][cluster.routing.allocation.decider] [Aardwolf] using node_concurrent_recoveries [2], node_initial_primaries_recoveries [4]
[2013-11-22 14:47:59,490][DEBUG][cluster.routing.allocation.decider] [Aardwolf] using [cluster.routing.allocation.allow_rebalance] with [indices_all_active]
[2013-11-22 14:47:59,490][DEBUG][cluster.routing.allocation.decider] [Aardwolf] using [cluster_concurrent_rebalance] with [2]
[2013-11-22 14:47:59,499][DEBUG][gateway.local            ] [Aardwolf] using initial_shards [quorum], list_timeout [30s]
[2013-11-22 14:47:59,665][DEBUG][indices.recovery         ] [Aardwolf] using max_bytes_per_sec[20mb], concurrent_streams [3], file_chunk_size [512kb], translog_size [512kb], translog_ops [1000], and compress [true]
[2013-11-22 14:47:59,727][DEBUG][http.netty               ] [Aardwolf] using max_chunk_size[8kb], max_header_size[8kb], max_initial_line_length[4kb], max_content_length[100mb], receive_predictor[512kb->512kb]
[2013-11-22 14:47:59,739][DEBUG][indices.memory           ] [Aardwolf] using index_buffer_size [99mb], with min_shard_index_buffer_size [4mb], max_shard_index_buffer_size [512mb], shard_inactive_time [30m]
[2013-11-22 14:47:59,743][DEBUG][indices.cache.filter     ] [Aardwolf] using [node] weighted filter cache with size [20%], actual_size [198.1mb], expire [null], clean_interval [1m]
[2013-11-22 14:47:59,752][DEBUG][indices.fielddata.cache  ] [Aardwolf] using size [-1] [-1b], expire [null]
[2013-11-22 14:47:59,780][DEBUG][gateway.local.state.meta ] [Aardwolf] using gateway.local.auto_import_dangled [YES], with gateway.local.dangling_timeout [2h]
[2013-11-22 14:47:59,781][DEBUG][gateway.local.state.meta ] [Aardwolf] took 0s to load state
[2013-11-22 14:47:59,783][DEBUG][gateway.local.state.shards] [Aardwolf] took 0s to load started shards state
[2013-11-22 14:47:59,785][DEBUG][bulk.udp                 ] [Aardwolf] using enabled [false], host [null], port [9700-9800], bulk_actions [1000], bulk_size [5mb], flush_interval [5s], concurrent_requests [4]
[2013-11-22 14:47:59,787][INFO ][node                     ] [Aardwolf] {0.90.2}[636]: initialized
[2013-11-22 14:47:59,788][INFO ][node                     ] [Aardwolf] {0.90.2}[636]: starting ...
[2013-11-22 14:47:59,872][DEBUG][netty.channel.socket.nio.SelectorUtil] Using select timeout of 500
[2013-11-22 14:47:59,873][DEBUG][netty.channel.socket.nio.SelectorUtil] Epoll-bug workaround enabled = false
[2013-11-22 14:47:59,960][DEBUG][transport.netty          ] [Aardwolf] Bound to address [/0:0:0:0:0:0:0:0:9300]
[2013-11-22 14:48:00,157][INFO ][transport                ] [Aardwolf] bound_address {inet[/0:0:0:0:0:0:0:0:9300]}, publish_address {inet[/20.45.104.80:9300]}
[2013-11-22 14:48:03,720][DEBUG][discovery.zen            ] [Aardwolf] filtered ping responses: (filter_client[true], filter_data[false]) {none}
[2013-11-22 14:48:03,728][DEBUG][cluster.service          ] [Aardwolf] processing [zen-disco-join (elected_as_master)]: execute
[2013-11-22 14:48:03,728][DEBUG][cluster.service          ] [Aardwolf] cluster state updated, version [1], source [zen-disco-join (elected_as_master)]
[2013-11-22 14:48:03,731][INFO ][cluster.service          ] [Aardwolf] new_master [Aardwolf][zzHlLwhKRHu-PsgAdOFo6g][inet[/20.45.104.80:9300]], reason: zen-disco-join (elected_as_master)
[2013-11-22 14:48:03,776][DEBUG][transport.netty          ] [Aardwolf] connected to node [[Aardwolf][zzHlLwhKRHu-PsgAdOFo6g][inet[/20.45.104.80:9300]]]
[2013-11-22 14:48:03,783][DEBUG][cluster.service          ] [Aardwolf] processing [zen-disco-join (elected_as_master)]: done applying updated cluster_state
[2013-11-22 14:48:03,784][INFO ][discovery                ] [Aardwolf] whalewired_cluster2/zzHlLwhKRHu-PsgAdOFo6g
[2013-11-22 14:48:03,784][DEBUG][river.cluster            ] [Aardwolf] processing [reroute_rivers_node_changed]: execute
[2013-11-22 14:48:03,785][DEBUG][river.cluster            ] [Aardwolf] processing [reroute_rivers_node_changed]: no change in cluster_state
[2013-11-22 14:48:03,816][DEBUG][cluster.service          ] [Aardwolf] processing [local-gateway-elected-state]: execute
[2013-11-22 14:48:03,900][DEBUG][cluster.service          ] [Aardwolf] cluster state updated, version [2], source [local-gateway-elected-state]
[2013-11-22 14:48:03,906][DEBUG][river.cluster            ] [Aardwolf] processing [reroute_rivers_node_changed]: execute
[2013-11-22 14:48:03,924][DEBUG][river.cluster            ] [Aardwolf] processing [reroute_rivers_node_changed]: no change in cluster_state
[2013-11-22 14:48:04,115][INFO ][gateway                  ] [Aardwolf] recovered [0] indices into cluster_state
[2013-11-22 14:48:04,115][DEBUG][cluster.service          ] [Aardwolf] processing [local-gateway-elected-state]: done applying updated cluster_state
[2013-11-22 14:48:04,369][INFO ][http                     ] [Aardwolf] bound_address {inet[/0:0:0:0:0:0:0:0:9200]}, publish_address {inet[/20.45.104.80:9200]}
[2013-11-22 14:48:04,370][INFO ][node                     ] [Aardwolf] {0.90.2}[636]: started
[2013-11-22 14:48:13,778][DEBUG][cluster.service          ] [Aardwolf] processing [routing-table-updater]: execute
[2013-11-22 14:48:13,778][DEBUG][cluster.service          ] [Aardwolf] processing [routing-table-updater]: no change in cluster_state
