[2013-11-19 12:46:27,934][INFO ][node                     ] [Aardwolf] {0.90.2}[3752]: initializing ...
[2013-11-19 12:46:27,937][DEBUG][node                     ] [Aardwolf] using home [C:\Dev\git\whalewired\whalewired.tools\elasticsearch-0.90.2], config [C:\Dev\git\whalewired\whalewired.tools\elasticsearch-0.90.2\config], data [[C:\Dev\git\whalewired\whalewired.tools\elasticsearch-0.90.2\data]], logs [C:\Dev\git\whalewired\whalewired.tools\elasticsearch-0.90.2\logs], work [C:\Dev\git\whalewired\whalewired.tools\elasticsearch-0.90.2\work], plugins [C:\Dev\git\whalewired\whalewired.tools\elasticsearch-0.90.2\plugins]
[2013-11-19 12:46:27,950][INFO ][plugins                  ] [Aardwolf] loaded [], sites [head]
[2013-11-19 12:46:27,982][DEBUG][common.compress.lzf      ] using [UnsafeChunkDecoder] decoder
[2013-11-19 12:46:27,997][DEBUG][env                      ] [Aardwolf] using node location [[C:\Dev\git\whalewired\whalewired.tools\elasticsearch-0.90.2\data\whalewired_cluster\nodes\0]], local_node_id [0]
[2013-11-19 12:46:29,361][DEBUG][threadpool               ] [Aardwolf] creating thread_pool [generic], type [cached], keep_alive [30s]
[2013-11-19 12:46:29,371][DEBUG][threadpool               ] [Aardwolf] creating thread_pool [index], type [fixed], size [4], queue_size [null], reject_policy [abort], queue_type [linked]
[2013-11-19 12:46:29,372][DEBUG][threadpool               ] [Aardwolf] creating thread_pool [bulk], type [fixed], size [4], queue_size [null], reject_policy [abort], queue_type [linked]
[2013-11-19 12:46:29,372][DEBUG][threadpool               ] [Aardwolf] creating thread_pool [get], type [fixed], size [4], queue_size [null], reject_policy [abort], queue_type [linked]
[2013-11-19 12:46:29,374][DEBUG][threadpool               ] [Aardwolf] creating thread_pool [search], type [fixed], size [12], queue_size [1k], reject_policy [abort], queue_type [linked]
[2013-11-19 12:46:29,375][DEBUG][threadpool               ] [Aardwolf] creating thread_pool [percolate], type [fixed], size [4], queue_size [null], reject_policy [abort], queue_type [linked]
[2013-11-19 12:46:29,375][DEBUG][threadpool               ] [Aardwolf] creating thread_pool [management], type [scaling], min [1], size [5], keep_alive [5m]
[2013-11-19 12:46:29,376][DEBUG][threadpool               ] [Aardwolf] creating thread_pool [flush], type [scaling], min [1], size [2], keep_alive [5m]
[2013-11-19 12:46:29,377][DEBUG][threadpool               ] [Aardwolf] creating thread_pool [merge], type [scaling], min [1], size [2], keep_alive [5m]
[2013-11-19 12:46:29,377][DEBUG][threadpool               ] [Aardwolf] creating thread_pool [refresh], type [scaling], min [1], size [2], keep_alive [5m]
[2013-11-19 12:46:29,377][DEBUG][threadpool               ] [Aardwolf] creating thread_pool [warmer], type [scaling], min [1], size [2], keep_alive [5m]
[2013-11-19 12:46:29,377][DEBUG][threadpool               ] [Aardwolf] creating thread_pool [snapshot], type [scaling], min [1], size [2], keep_alive [5m]
[2013-11-19 12:46:29,404][DEBUG][transport.netty          ] [Aardwolf] using worker_count[8], port[9300-9400], bind_host[null], publish_host[null], compress[false], connect_timeout[30s], connections_per_node[2/6/1], receive_predictor[512kb->512kb]
[2013-11-19 12:46:29,413][DEBUG][discovery.zen.ping.multicast] [Aardwolf] using group [224.2.2.4], with port [54328], ttl [3], and address [null]
[2013-11-19 12:46:29,419][DEBUG][discovery.zen.ping.unicast] [Aardwolf] using initial hosts [], with concurrent_connects [10]
[2013-11-19 12:46:29,421][DEBUG][discovery.zen            ] [Aardwolf] using ping.timeout [3s], master_election.filter_client [true], master_election.filter_data [false]
[2013-11-19 12:46:29,422][DEBUG][discovery.zen.elect      ] [Aardwolf] using minimum_master_nodes [-1]
[2013-11-19 12:46:29,423][DEBUG][discovery.zen.fd         ] [Aardwolf] [master] uses ping_interval [1s], ping_timeout [30s], ping_retries [3]
[2013-11-19 12:46:29,428][DEBUG][discovery.zen.fd         ] [Aardwolf] [node  ] uses ping_interval [1s], ping_timeout [30s], ping_retries [3]
[2013-11-19 12:46:29,458][DEBUG][monitor.jvm              ] [Aardwolf] enabled [true], last_gc_enabled [false], interval [1s], gc_threshold [{default=GcThreshold{name='default', warnThreshold=10000, infoThreshold=5000, debugThreshold=2000}, ParNew=GcThreshold{name='ParNew', warnThreshold=1000, infoThreshold=700, debugThreshold=400}, ConcurrentMarkSweep=GcThreshold{name='ConcurrentMarkSweep', warnThreshold=10000, infoThreshold=5000, debugThreshold=2000}}]
[2013-11-19 12:46:29,999][DEBUG][monitor.os               ] [Aardwolf] Using probe [org.elasticsearch.monitor.os.SigarOsProbe@50866ce2] with refresh_interval [1s]
[2013-11-19 12:46:30,027][DEBUG][monitor.process          ] [Aardwolf] Using probe [org.elasticsearch.monitor.process.SigarProcessProbe@6d6071d0] with refresh_interval [1s]
[2013-11-19 12:46:30,036][DEBUG][monitor.jvm              ] [Aardwolf] Using refresh_interval [1s]
[2013-11-19 12:46:30,037][DEBUG][monitor.network          ] [Aardwolf] Using probe [org.elasticsearch.monitor.network.SigarNetworkProbe@2e6bc023] with refresh_interval [5s]
[2013-11-19 12:46:30,639][DEBUG][monitor.network          ] [Aardwolf] net_info
host [CSCDNKAE694216]
lo	display_name [Software Loopback Interface 1]
		address [/127.0.0.1] [/0:0:0:0:0:0:0:1] 
		mtu [-1] multicast [true] ptp [false] loopback [true] up [true] virtual [false]
net0	display_name [WAN Miniport (SSTP)]
		address 
		mtu [-1] multicast [true] ptp [false] loopback [false] up [false] virtual [false]
net1	display_name [WAN Miniport (L2TP)]
		address 
		mtu [-1] multicast [true] ptp [false] loopback [false] up [false] virtual [false]
net2	display_name [WAN Miniport (PPTP)]
		address 
		mtu [-1] multicast [true] ptp [false] loopback [false] up [false] virtual [false]
ppp0	display_name [WAN Miniport (PPPOE)]
		address 
		mtu [-1] multicast [true] ptp [false] loopback [false] up [false] virtual [false]
eth0	display_name [WAN Miniport (IPv6)]
		address 
		mtu [-1] multicast [true] ptp [false] loopback [false] up [false] virtual [false]
eth1	display_name [WAN Miniport (Network Monitor)]
		address 
		mtu [-1] multicast [true] ptp [false] loopback [false] up [false] virtual [false]
eth2	display_name [WAN Miniport (IP)]
		address 
		mtu [-1] multicast [true] ptp [false] loopback [false] up [false] virtual [false]
ppp1	display_name [RAS Async Adapter]
		address 
		mtu [-1] multicast [true] ptp [false] loopback [false] up [false] virtual [false]
net3	display_name [WAN Miniport (IKEv2)]
		address 
		mtu [-1] multicast [true] ptp [false] loopback [false] up [false] virtual [false]
eth3	display_name [Intel(R) 82579LM Gigabit Network Connection]
		address [/20.45.104.80] 
		mtu [1500] multicast [true] ptp [false] loopback [false] up [true] virtual [false]
net4	display_name [Intel(R) Centrino(R) Advanced-N 6205]
		address 
		mtu [1500] multicast [true] ptp [false] loopback [false] up [true] virtual [false]
eth4	display_name [Nortel VPN Adapter]
		address 
		mtu [1500] multicast [true] ptp [false] loopback [false] up [true] virtual [false]
net5	display_name [F5 Networks VPN Adapter]
		address 
		mtu [-1] multicast [true] ptp [false] loopback [false] up [false] virtual [false]
net6	display_name [null]
		address 
		mtu [-1] multicast [true] ptp [false] loopback [false] up [false] virtual [false]
net7	display_name [null]
		address 
		mtu [-1] multicast [true] ptp [false] loopback [false] up [false] virtual [false]
net8	display_name [null]
		address 
		mtu [-1] multicast [true] ptp [false] loopback [false] up [false] virtual [false]
net9	display_name [null]
		address 
		mtu [-1] multicast [true] ptp [false] loopback [false] up [false] virtual [false]
eth5	display_name [Juniper Network Connect Virtual Adapter]
		address 
		mtu [1500] multicast [true] ptp [false] loopback [false] up [true] virtual [false]
eth6	display_name [Intel(R) 82579LM Gigabit Network Connection - VirtualBox Bridged Networking Driver Miniport]
		address 
		mtu [-1] multicast [true] ptp [false] loopback [false] up [false] virtual [false]
eth7	display_name [Intel(R) Centrino(R) Advanced-N 6205 - VirtualBox Bridged Networking Driver Miniport]
		address 
		mtu [-1] multicast [true] ptp [false] loopback [false] up [false] virtual [false]
eth8	display_name [VirtualBox Host-Only Ethernet Adapter]
		address [/192.168.56.1] 
		mtu [1500] multicast [true] ptp [false] loopback [false] up [true] virtual [false]
net10	display_name [Intel(R) Centrino(R) Advanced-N 6205-Virtual WiFi Filter Driver-0000]
		address 
		mtu [-1] multicast [true] ptp [false] loopback [false] up [false] virtual [false]
eth9	display_name [Juniper Network Connect Virtual Adapter-McAfee NDIS Light-Weight Filter-0000]
		address 
		mtu [-1] multicast [true] ptp [false] loopback [false] up [false] virtual [false]
eth10	display_name [WAN Miniport (Network Monitor)-McAfee NDIS Light-Weight Filter-0000]
		address 
		mtu [-1] multicast [true] ptp [false] loopback [false] up [false] virtual [false]
eth11	display_name [WAN Miniport (Network Monitor)-QoS Packet Scheduler-0000]
		address 
		mtu [-1] multicast [true] ptp [false] loopback [false] up [false] virtual [false]
eth12	display_name [WAN Miniport (IP)-McAfee NDIS Light-Weight Filter-0000]
		address 
		mtu [-1] multicast [true] ptp [false] loopback [false] up [false] virtual [false]
eth13	display_name [WAN Miniport (IP)-QoS Packet Scheduler-0000]
		address 
		mtu [-1] multicast [true] ptp [false] loopback [false] up [false] virtual [false]
eth14	display_name [WAN Miniport (IPv6)-McAfee NDIS Light-Weight Filter-0000]
		address 
		mtu [-1] multicast [true] ptp [false] loopback [false] up [false] virtual [false]
eth15	display_name [WAN Miniport (IPv6)-QoS Packet Scheduler-0000]
		address 
		mtu [-1] multicast [true] ptp [false] loopback [false] up [false] virtual [false]
eth16	display_name [Nortel VPN Adapter-McAfee NDIS Light-Weight Filter-0000]
		address 
		mtu [-1] multicast [true] ptp [false] loopback [false] up [false] virtual [false]
eth17	display_name [Nortel VPN Adapter-QoS Packet Scheduler-0000]
		address 
		mtu [-1] multicast [true] ptp [false] loopback [false] up [false] virtual [false]
eth18	display_name [Nortel VPN Adapter-WFP LightWeight Filter-0000]
		address 
		mtu [-1] multicast [true] ptp [false] loopback [false] up [false] virtual [false]
eth19	display_name [VirtualBox Host-Only Ethernet Adapter-McAfee NDIS Light-Weight Filter-0000]
		address 
		mtu [-1] multicast [true] ptp [false] loopback [false] up [false] virtual [false]
eth20	display_name [VirtualBox Host-Only Ethernet Adapter-QoS Packet Scheduler-0000]
		address 
		mtu [-1] multicast [true] ptp [false] loopback [false] up [false] virtual [false]
eth21	display_name [VirtualBox Host-Only Ethernet Adapter-WFP LightWeight Filter-0000]
		address 
		mtu [-1] multicast [true] ptp [false] loopback [false] up [false] virtual [false]
eth22	display_name [Intel(R) 82579LM Gigabit Network Connection - VirtualBox Bridged Networking Driver Miniport-McAfee NDIS Light-Weight Filter-0000]
		address 
		mtu [-1] multicast [true] ptp [false] loopback [false] up [false] virtual [false]
eth23	display_name [Intel(R) 82579LM Gigabit Network Connection - VirtualBox Bridged Networking Driver Miniport-QoS Packet Scheduler-0000]
		address 
		mtu [-1] multicast [true] ptp [false] loopback [false] up [false] virtual [false]
eth24	display_name [Intel(R) 82579LM Gigabit Network Connection - VirtualBox Bridged Networking Driver Miniport-WFP LightWeight Filter-0000]
		address 
		mtu [-1] multicast [true] ptp [false] loopback [false] up [false] virtual [false]
net11	display_name [Intel(R) Centrino(R) Advanced-N 6205-Native WiFi Filter Driver-0000]
		address 
		mtu [-1] multicast [true] ptp [false] loopback [false] up [false] virtual [false]
eth25	display_name [Intel(R) Centrino(R) Advanced-N 6205 - VirtualBox Bridged Networking Driver Miniport-McAfee NDIS Light-Weight Filter-0000]
		address 
		mtu [-1] multicast [true] ptp [false] loopback [false] up [false] virtual [false]
eth26	display_name [Intel(R) Centrino(R) Advanced-N 6205 - VirtualBox Bridged Networking Driver Miniport-QoS Packet Scheduler-0000]
		address 
		mtu [-1] multicast [true] ptp [false] loopback [false] up [false] virtual [false]
eth27	display_name [Intel(R) Centrino(R) Advanced-N 6205 - VirtualBox Bridged Networking Driver Miniport-WFP LightWeight Filter-0000]
		address 
		mtu [-1] multicast [true] ptp [false] loopback [false] up [false] virtual [false]

[2013-11-19 12:46:31,691][DEBUG][monitor.fs               ] [Aardwolf] Using probe [org.elasticsearch.monitor.fs.SigarFsProbe@4668ba4b] with refresh_interval [1s]
[2013-11-19 12:46:31,975][DEBUG][indices.store            ] [Aardwolf] using indices.store.throttle.type [MERGE], with index.store.throttle.max_bytes_per_sec [20mb]
[2013-11-19 12:46:31,983][DEBUG][cache.memory             ] [Aardwolf] using bytebuffer cache with small_buffer_size [1kb], large_buffer_size [1mb], small_cache_size [10mb], large_cache_size [500mb], direct [true]
[2013-11-19 12:46:31,993][DEBUG][script                   ] [Aardwolf] using script cache with max_size [500], expire [null]
[2013-11-19 12:46:32,025][DEBUG][cluster.routing.allocation.decider] [Aardwolf] using node_concurrent_recoveries [2], node_initial_primaries_recoveries [4]
[2013-11-19 12:46:32,026][DEBUG][cluster.routing.allocation.decider] [Aardwolf] using [cluster.routing.allocation.allow_rebalance] with [indices_all_active]
[2013-11-19 12:46:32,026][DEBUG][cluster.routing.allocation.decider] [Aardwolf] using [cluster_concurrent_rebalance] with [2]
[2013-11-19 12:46:32,029][DEBUG][gateway.local            ] [Aardwolf] using initial_shards [quorum], list_timeout [30s]
[2013-11-19 12:46:32,131][DEBUG][indices.recovery         ] [Aardwolf] using max_bytes_per_sec[20mb], concurrent_streams [3], file_chunk_size [512kb], translog_size [512kb], translog_ops [1000], and compress [true]
[2013-11-19 12:46:32,174][DEBUG][http.netty               ] [Aardwolf] using max_chunk_size[8kb], max_header_size[8kb], max_initial_line_length[4kb], max_content_length[100mb], receive_predictor[512kb->512kb]
[2013-11-19 12:46:32,181][DEBUG][indices.memory           ] [Aardwolf] using index_buffer_size [99mb], with min_shard_index_buffer_size [4mb], max_shard_index_buffer_size [512mb], shard_inactive_time [30m]
[2013-11-19 12:46:32,184][DEBUG][indices.cache.filter     ] [Aardwolf] using [node] weighted filter cache with size [20%], actual_size [198.1mb], expire [null], clean_interval [1m]
[2013-11-19 12:46:32,186][DEBUG][indices.fielddata.cache  ] [Aardwolf] using size [-1] [-1b], expire [null]
[2013-11-19 12:46:32,199][DEBUG][gateway.local.state.meta ] [Aardwolf] using gateway.local.auto_import_dangled [YES], with gateway.local.dangling_timeout [2h]
[2013-11-19 12:46:32,296][DEBUG][gateway.local.state.meta ] [Aardwolf] took 96ms to load state
[2013-11-19 12:46:32,304][DEBUG][gateway.local.state.shards] [Aardwolf] took 7ms to load started shards state
[2013-11-19 12:46:32,306][DEBUG][bulk.udp                 ] [Aardwolf] using enabled [false], host [null], port [9700-9800], bulk_actions [1000], bulk_size [5mb], flush_interval [5s], concurrent_requests [4]
[2013-11-19 12:46:32,308][INFO ][node                     ] [Aardwolf] {0.90.2}[3752]: initialized
[2013-11-19 12:46:32,308][INFO ][node                     ] [Aardwolf] {0.90.2}[3752]: starting ...
[2013-11-19 12:46:32,385][DEBUG][netty.channel.socket.nio.SelectorUtil] Using select timeout of 500
[2013-11-19 12:46:32,386][DEBUG][netty.channel.socket.nio.SelectorUtil] Epoll-bug workaround enabled = false
[2013-11-19 12:46:32,456][DEBUG][transport.netty          ] [Aardwolf] Bound to address [/0:0:0:0:0:0:0:0:9300]
[2013-11-19 12:46:32,636][INFO ][transport                ] [Aardwolf] bound_address {inet[/0:0:0:0:0:0:0:0:9300]}, publish_address {inet[/20.45.104.80:9300]}
[2013-11-19 12:46:36,091][DEBUG][discovery.zen            ] [Aardwolf] filtered ping responses: (filter_client[true], filter_data[false])
	--> target [[Aardwolf][7rjKVVGjRGSIO7xbfudkVA][inet[/20.45.104.80:19300]]], master [[Aardwolf][7rjKVVGjRGSIO7xbfudkVA][inet[/20.45.104.80:19300]]]
[2013-11-19 12:46:36,103][DEBUG][transport.netty          ] [Aardwolf] connected to node [[Aardwolf][7rjKVVGjRGSIO7xbfudkVA][inet[/20.45.104.80:19300]]]
[2013-11-19 12:46:36,121][DEBUG][discovery.zen.fd         ] [Aardwolf] [master] starting fault detection against master [[Aardwolf][7rjKVVGjRGSIO7xbfudkVA][inet[/20.45.104.80:19300]]], reason [initial_join]
[2013-11-19 12:46:36,134][DEBUG][cluster.service          ] [Aardwolf] processing [zen-disco-receive(from master [[Aardwolf][7rjKVVGjRGSIO7xbfudkVA][inet[/20.45.104.80:19300]]])]: execute
[2013-11-19 12:46:36,135][DEBUG][cluster.service          ] [Aardwolf] got first state from fresh master [7rjKVVGjRGSIO7xbfudkVA]
[2013-11-19 12:46:36,135][DEBUG][cluster.service          ] [Aardwolf] cluster state updated, version [8], source [zen-disco-receive(from master [[Aardwolf][7rjKVVGjRGSIO7xbfudkVA][inet[/20.45.104.80:19300]]])]
[2013-11-19 12:46:36,137][INFO ][cluster.service          ] [Aardwolf] detected_master [Aardwolf][7rjKVVGjRGSIO7xbfudkVA][inet[/20.45.104.80:19300]], added {[Aardwolf][7rjKVVGjRGSIO7xbfudkVA][inet[/20.45.104.80:19300]],}, reason: zen-disco-receive(from master [[Aardwolf][7rjKVVGjRGSIO7xbfudkVA][inet[/20.45.104.80:19300]]])
[2013-11-19 12:46:36,142][DEBUG][transport.netty          ] [Aardwolf] connected to node [[Aardwolf][3hp_VRZtRAe2kN5dKm2J0g][inet[/20.45.104.80:9300]]]
[2013-11-19 12:46:36,160][DEBUG][cluster.service          ] [Aardwolf] processing [zen-disco-receive(from master [[Aardwolf][7rjKVVGjRGSIO7xbfudkVA][inet[/20.45.104.80:19300]]])]: done applying updated cluster_state
[2013-11-19 12:46:36,160][INFO ][discovery                ] [Aardwolf] whalewired_cluster/3hp_VRZtRAe2kN5dKm2J0g
[2013-11-19 12:46:36,351][INFO ][http                     ] [Aardwolf] bound_address {inet[/0:0:0:0:0:0:0:0:9200]}, publish_address {inet[/20.45.104.80:9200]}
[2013-11-19 12:46:36,351][INFO ][node                     ] [Aardwolf] {0.90.2}[3752]: started
[2013-11-19 12:46:38,485][DEBUG][cluster.service          ] [Aardwolf] processing [zen-disco-receive(from master [[Aardwolf][7rjKVVGjRGSIO7xbfudkVA][inet[/20.45.104.80:19300]]])]: execute
[2013-11-19 12:46:38,486][DEBUG][cluster.service          ] [Aardwolf] cluster state updated, version [9], source [zen-disco-receive(from master [[Aardwolf][7rjKVVGjRGSIO7xbfudkVA][inet[/20.45.104.80:19300]]])]
[2013-11-19 12:46:38,486][DEBUG][indices.cluster          ] [Aardwolf] [dev.cpr.dk] creating index
[2013-11-19 12:46:38,487][DEBUG][indices                  ] [Aardwolf] creating Index [dev.cpr.dk], shards [5]/[1]
[2013-11-19 12:46:38,769][DEBUG][index.mapper             ] [Aardwolf] [dev.cpr.dk] using dynamic[true], default mapping: default_mapping_location[null], loaded_from[jar:file:/C:/Dev/git/whalewired/whalewired.tools/elasticsearch-0.90.2/lib/elasticsearch-0.90.2.jar!/org/elasticsearch/index/mapper/default-mapping.json] and source[{
    "_default_":{
    }
}]
[2013-11-19 12:46:38,770][DEBUG][index.cache.query.parser.resident] [Aardwolf] [dev.cpr.dk] using [resident] query cache with max_size [100], expire [null]
[2013-11-19 12:46:38,782][DEBUG][index.store.fs           ] [Aardwolf] [dev.cpr.dk] using index.store.throttle.type [node], with index.store.throttle.max_bytes_per_sec [0b]
[2013-11-19 12:46:38,830][DEBUG][indices.cluster          ] [Aardwolf] [dev.cpr.dk] adding mapping [logevent], source [{"logevent":{"_id":{"store":true,"index":"not_analyzed"},"_timestamp":{"enabled":true,"path":"logTime"},"_ttl":{"enabled":true,"default":15552000000},"properties":{"clientVersion":{"type":"string"},"contextName":{"type":"string","index":"not_analyzed","store":true,"omit_norms":true,"index_options":"docs"},"hostName":{"type":"string"},"logFileName":{"type":"string"},"logLevel":{"type":"string","index":"not_analyzed","store":true,"omit_norms":true,"index_options":"docs"},"logLineNumber":{"type":"string"},"logLocation":{"type":"string"},"logLocationShort":{"type":"string"},"logMessage":{"type":"multi_field","fields":{"logMessage":{"type":"string"},"untouched":{"type":"string","index":"not_analyzed","omit_norms":true,"index_options":"docs","include_in_all":false}}},"logMethodName":{"type":"string"},"logQualifiedClassName":{"type":"string"},"logThread":{"type":"string"},"logThrowableLocation":{"type":"string"},"logThrowableTrace":{"type":"string"},"logThrowableType":{"type":"string"},"logTime":{"type":"date","format":"dateOptionalTime"},"loggerName":{"type":"string"},"systemName":{"type":"string"},"transId":{"type":"string"},"uniqueId":{"type":"string"}}}}]
[2013-11-19 12:46:38,896][DEBUG][indices.cluster          ] [Aardwolf] [dev.cpr.dk][0] creating shard
[2013-11-19 12:46:38,896][DEBUG][index.service            ] [Aardwolf] [dev.cpr.dk] creating shard_id [0]
[2013-11-19 12:46:39,054][DEBUG][index.deletionpolicy     ] [Aardwolf] [dev.cpr.dk][0] Using [keep_only_last] deletion policy
[2013-11-19 12:46:39,057][DEBUG][index.merge.policy       ] [Aardwolf] [dev.cpr.dk][0] using [tiered] merge policy with expunge_deletes_allowed[10.0], floor_segment[2mb], max_merge_at_once[10], max_merge_at_once_explicit[30], max_merged_segment[5gb], segments_per_tier[10.0], reclaim_deletes_weight[2.0], async_merge[true]
[2013-11-19 12:46:39,058][DEBUG][index.merge.scheduler    ] [Aardwolf] [dev.cpr.dk][0] using [concurrent] merge scheduler with max_thread_count[2]
[2013-11-19 12:46:39,063][DEBUG][index.shard.service      ] [Aardwolf] [dev.cpr.dk][0] state: [CREATED]
[2013-11-19 12:46:39,064][DEBUG][index.translog           ] [Aardwolf] [dev.cpr.dk][0] interval [5s], flush_threshold_ops [5000], flush_threshold_size [200mb], flush_threshold_period [30m]
[2013-11-19 12:46:39,070][DEBUG][index.shard.service      ] [Aardwolf] [dev.cpr.dk][0] state: [CREATED]->[RECOVERING], reason [from [Aardwolf][7rjKVVGjRGSIO7xbfudkVA][inet[/20.45.104.80:19300]]]
[2013-11-19 12:46:39,072][DEBUG][indices.cluster          ] [Aardwolf] [dev.cpr.dk][4] creating shard
[2013-11-19 12:46:39,072][DEBUG][index.service            ] [Aardwolf] [dev.cpr.dk] creating shard_id [4]
[2013-11-19 12:46:39,118][DEBUG][index.engine.robin       ] [Aardwolf] [dev.cpr.dk][0] starting engine
[2013-11-19 12:46:39,134][DEBUG][index.deletionpolicy     ] [Aardwolf] [dev.cpr.dk][4] Using [keep_only_last] deletion policy
[2013-11-19 12:46:39,135][DEBUG][index.merge.policy       ] [Aardwolf] [dev.cpr.dk][4] using [tiered] merge policy with expunge_deletes_allowed[10.0], floor_segment[2mb], max_merge_at_once[10], max_merge_at_once_explicit[30], max_merged_segment[5gb], segments_per_tier[10.0], reclaim_deletes_weight[2.0], async_merge[true]
[2013-11-19 12:46:39,135][DEBUG][index.merge.scheduler    ] [Aardwolf] [dev.cpr.dk][4] using [concurrent] merge scheduler with max_thread_count[2]
[2013-11-19 12:46:39,137][DEBUG][index.shard.service      ] [Aardwolf] [dev.cpr.dk][4] state: [CREATED]
[2013-11-19 12:46:39,138][DEBUG][index.translog           ] [Aardwolf] [dev.cpr.dk][4] interval [5s], flush_threshold_ops [5000], flush_threshold_size [200mb], flush_threshold_period [30m]
[2013-11-19 12:46:39,139][DEBUG][indices.memory           ] [Aardwolf] recalculating shard indexing buffer (reason=created_shard[dev.cpr.dk][4]), total is [99mb] with [1] active shards, each shard set to [99mb]
[2013-11-19 12:46:39,321][DEBUG][index.engine.robin       ] [Aardwolf] [dev.cpr.dk][0] updating index_buffer_size from [64mb] to [99mb]
[2013-11-19 12:46:39,322][DEBUG][index.shard.service      ] [Aardwolf] [dev.cpr.dk][4] state: [CREATED]->[RECOVERING], reason [from [Aardwolf][7rjKVVGjRGSIO7xbfudkVA][inet[/20.45.104.80:19300]]]
[2013-11-19 12:46:39,324][DEBUG][cluster.service          ] [Aardwolf] processing [zen-disco-receive(from master [[Aardwolf][7rjKVVGjRGSIO7xbfudkVA][inet[/20.45.104.80:19300]]])]: done applying updated cluster_state
[2013-11-19 12:46:39,325][DEBUG][index.shard.service      ] [Aardwolf] [dev.cpr.dk][0] state: [RECOVERING]->[STARTED], reason [post recovery]
[2013-11-19 12:46:39,327][DEBUG][index.shard.service      ] [Aardwolf] [dev.cpr.dk][0] scheduling refresher every 1s
[2013-11-19 12:46:39,328][DEBUG][index.shard.service      ] [Aardwolf] [dev.cpr.dk][0] scheduling optimizer / merger every 1s
[2013-11-19 12:46:39,332][DEBUG][indices.recovery         ] [Aardwolf] [dev.cpr.dk][0] recovery completed from [Aardwolf][7rjKVVGjRGSIO7xbfudkVA][inet[/20.45.104.80:19300]], took[257ms]
   phase1: recovered_files [1] with total_size of [990.9kb], took [32ms], throttling_wait [0s]
         : reusing_files   [96] with total_size of [990.6kb]
   phase2: start took [204ms]
         : recovered [0] transaction log operations, took [1ms]
   phase3: recovered [0] transaction log operations, took [7ms]
[2013-11-19 12:46:39,333][DEBUG][cluster.action.shard     ] [Aardwolf] sending shard started for [dev.cpr.dk][0], node[3hp_VRZtRAe2kN5dKm2J0g], [R], s[INITIALIZING], reason [after recovery (replica) from node [[Aardwolf][7rjKVVGjRGSIO7xbfudkVA][inet[/20.45.104.80:19300]]]]
[2013-11-19 12:46:39,341][DEBUG][cluster.service          ] [Aardwolf] processing [zen-disco-receive(from master [[Aardwolf][7rjKVVGjRGSIO7xbfudkVA][inet[/20.45.104.80:19300]]])]: execute
[2013-11-19 12:46:39,342][DEBUG][cluster.service          ] [Aardwolf] cluster state updated, version [10], source [zen-disco-receive(from master [[Aardwolf][7rjKVVGjRGSIO7xbfudkVA][inet[/20.45.104.80:19300]]])]
[2013-11-19 12:46:39,342][DEBUG][index.engine.robin       ] [Aardwolf] [dev.cpr.dk][4] starting engine
[2013-11-19 12:46:39,349][DEBUG][cluster.service          ] [Aardwolf] processing [zen-disco-receive(from master [[Aardwolf][7rjKVVGjRGSIO7xbfudkVA][inet[/20.45.104.80:19300]]])]: done applying updated cluster_state
[2013-11-19 12:46:39,373][DEBUG][index.shard.service      ] [Aardwolf] [dev.cpr.dk][4] state: [RECOVERING]->[STARTED], reason [post recovery]
[2013-11-19 12:46:39,374][DEBUG][index.shard.service      ] [Aardwolf] [dev.cpr.dk][4] scheduling refresher every 1s
[2013-11-19 12:46:39,374][DEBUG][index.shard.service      ] [Aardwolf] [dev.cpr.dk][4] scheduling optimizer / merger every 1s
[2013-11-19 12:46:39,376][DEBUG][indices.recovery         ] [Aardwolf] [dev.cpr.dk][4] recovery completed from [Aardwolf][7rjKVVGjRGSIO7xbfudkVA][inet[/20.45.104.80:19300]], took[54ms]
   phase1: recovered_files [1] with total_size of [912.5kb], took [17ms], throttling_wait [0s]
         : reusing_files   [12] with total_size of [912.4kb]
   phase2: start took [31ms]
         : recovered [0] transaction log operations, took [0s]
   phase3: recovered [0] transaction log operations, took [3ms]
[2013-11-19 12:46:39,377][DEBUG][cluster.action.shard     ] [Aardwolf] sending shard started for [dev.cpr.dk][4], node[3hp_VRZtRAe2kN5dKm2J0g], [R], s[INITIALIZING], reason [after recovery (replica) from node [[Aardwolf][7rjKVVGjRGSIO7xbfudkVA][inet[/20.45.104.80:19300]]]]
[2013-11-19 12:46:39,389][DEBUG][cluster.service          ] [Aardwolf] processing [zen-disco-receive(from master [[Aardwolf][7rjKVVGjRGSIO7xbfudkVA][inet[/20.45.104.80:19300]]])]: execute
[2013-11-19 12:46:39,390][DEBUG][cluster.service          ] [Aardwolf] cluster state updated, version [11], source [zen-disco-receive(from master [[Aardwolf][7rjKVVGjRGSIO7xbfudkVA][inet[/20.45.104.80:19300]]])]
[2013-11-19 12:46:39,391][DEBUG][indices.cluster          ] [Aardwolf] [dev.cpr.dk][1] creating shard
[2013-11-19 12:46:39,391][DEBUG][index.service            ] [Aardwolf] [dev.cpr.dk] creating shard_id [1]
[2013-11-19 12:46:39,463][DEBUG][index.deletionpolicy     ] [Aardwolf] [dev.cpr.dk][1] Using [keep_only_last] deletion policy
[2013-11-19 12:46:39,465][DEBUG][index.merge.policy       ] [Aardwolf] [dev.cpr.dk][1] using [tiered] merge policy with expunge_deletes_allowed[10.0], floor_segment[2mb], max_merge_at_once[10], max_merge_at_once_explicit[30], max_merged_segment[5gb], segments_per_tier[10.0], reclaim_deletes_weight[2.0], async_merge[true]
[2013-11-19 12:46:39,465][DEBUG][index.merge.scheduler    ] [Aardwolf] [dev.cpr.dk][1] using [concurrent] merge scheduler with max_thread_count[2]
[2013-11-19 12:46:39,466][DEBUG][index.shard.service      ] [Aardwolf] [dev.cpr.dk][1] state: [CREATED]
[2013-11-19 12:46:39,467][DEBUG][index.translog           ] [Aardwolf] [dev.cpr.dk][1] interval [5s], flush_threshold_ops [5000], flush_threshold_size [200mb], flush_threshold_period [30m]
[2013-11-19 12:46:39,467][DEBUG][indices.memory           ] [Aardwolf] recalculating shard indexing buffer (reason=created_shard[dev.cpr.dk][1]), total is [99mb] with [2] active shards, each shard set to [49.5mb]
[2013-11-19 12:46:39,468][DEBUG][index.engine.robin       ] [Aardwolf] [dev.cpr.dk][0] updating index_buffer_size from [99mb] to [49.5mb]
[2013-11-19 12:46:39,468][DEBUG][index.engine.robin       ] [Aardwolf] [dev.cpr.dk][4] updating index_buffer_size from [64mb] to [49.5mb]
[2013-11-19 12:46:39,469][DEBUG][index.shard.service      ] [Aardwolf] [dev.cpr.dk][1] state: [CREATED]->[RECOVERING], reason [from [Aardwolf][7rjKVVGjRGSIO7xbfudkVA][inet[/20.45.104.80:19300]]]
[2013-11-19 12:46:39,469][DEBUG][cluster.action.shard     ] [Aardwolf] sending shard started for [dev.cpr.dk][4], node[3hp_VRZtRAe2kN5dKm2J0g], [R], s[INITIALIZING], reason [master [Aardwolf][7rjKVVGjRGSIO7xbfudkVA][inet[/20.45.104.80:19300]] marked shard as initializing, but shard already started, mark shard as started]
[2013-11-19 12:46:39,473][DEBUG][cluster.service          ] [Aardwolf] processing [zen-disco-receive(from master [[Aardwolf][7rjKVVGjRGSIO7xbfudkVA][inet[/20.45.104.80:19300]]])]: done applying updated cluster_state
[2013-11-19 12:46:39,477][DEBUG][cluster.service          ] [Aardwolf] processing [zen-disco-receive(from master [[Aardwolf][7rjKVVGjRGSIO7xbfudkVA][inet[/20.45.104.80:19300]]])]: execute
[2013-11-19 12:46:39,477][DEBUG][cluster.service          ] [Aardwolf] cluster state updated, version [12], source [zen-disco-receive(from master [[Aardwolf][7rjKVVGjRGSIO7xbfudkVA][inet[/20.45.104.80:19300]]])]
[2013-11-19 12:46:39,483][DEBUG][cluster.service          ] [Aardwolf] processing [zen-disco-receive(from master [[Aardwolf][7rjKVVGjRGSIO7xbfudkVA][inet[/20.45.104.80:19300]]])]: done applying updated cluster_state
[2013-11-19 12:46:39,483][DEBUG][cluster.service          ] [Aardwolf] processing [zen-disco-receive(from master [[Aardwolf][7rjKVVGjRGSIO7xbfudkVA][inet[/20.45.104.80:19300]]])]: execute
[2013-11-19 12:46:39,484][DEBUG][cluster.service          ] [Aardwolf] cluster state updated, version [13], source [zen-disco-receive(from master [[Aardwolf][7rjKVVGjRGSIO7xbfudkVA][inet[/20.45.104.80:19300]]])]
[2013-11-19 12:46:39,485][DEBUG][indices.cluster          ] [Aardwolf] [dev.cpr.dk][3] creating shard
[2013-11-19 12:46:39,486][DEBUG][index.service            ] [Aardwolf] [dev.cpr.dk] creating shard_id [3]
[2013-11-19 12:46:39,500][DEBUG][index.engine.robin       ] [Aardwolf] [dev.cpr.dk][1] starting engine
[2013-11-19 12:46:39,572][DEBUG][index.deletionpolicy     ] [Aardwolf] [dev.cpr.dk][3] Using [keep_only_last] deletion policy
[2013-11-19 12:46:39,573][DEBUG][index.merge.policy       ] [Aardwolf] [dev.cpr.dk][3] using [tiered] merge policy with expunge_deletes_allowed[10.0], floor_segment[2mb], max_merge_at_once[10], max_merge_at_once_explicit[30], max_merged_segment[5gb], segments_per_tier[10.0], reclaim_deletes_weight[2.0], async_merge[true]
[2013-11-19 12:46:39,573][DEBUG][index.merge.scheduler    ] [Aardwolf] [dev.cpr.dk][3] using [concurrent] merge scheduler with max_thread_count[2]
[2013-11-19 12:46:39,574][DEBUG][index.shard.service      ] [Aardwolf] [dev.cpr.dk][3] state: [CREATED]
[2013-11-19 12:46:39,575][DEBUG][index.translog           ] [Aardwolf] [dev.cpr.dk][3] interval [5s], flush_threshold_ops [5000], flush_threshold_size [200mb], flush_threshold_period [30m]
[2013-11-19 12:46:39,576][DEBUG][indices.memory           ] [Aardwolf] recalculating shard indexing buffer (reason=created_shard[dev.cpr.dk][3]), total is [99mb] with [3] active shards, each shard set to [33mb]
[2013-11-19 12:46:39,576][DEBUG][index.engine.robin       ] [Aardwolf] [dev.cpr.dk][0] updating index_buffer_size from [49.5mb] to [33mb]
[2013-11-19 12:46:39,607][DEBUG][index.engine.robin       ] [Aardwolf] [dev.cpr.dk][1] updating index_buffer_size from [64mb] to [33mb]
[2013-11-19 12:46:39,608][DEBUG][index.engine.robin       ] [Aardwolf] [dev.cpr.dk][4] updating index_buffer_size from [49.5mb] to [33mb]
[2013-11-19 12:46:39,609][DEBUG][index.shard.service      ] [Aardwolf] [dev.cpr.dk][3] state: [CREATED]->[RECOVERING], reason [from [Aardwolf][7rjKVVGjRGSIO7xbfudkVA][inet[/20.45.104.80:19300]]]
[2013-11-19 12:46:39,610][DEBUG][index.shard.service      ] [Aardwolf] [dev.cpr.dk][1] state: [RECOVERING]->[STARTED], reason [post recovery]
[2013-11-19 12:46:39,611][DEBUG][cluster.service          ] [Aardwolf] processing [zen-disco-receive(from master [[Aardwolf][7rjKVVGjRGSIO7xbfudkVA][inet[/20.45.104.80:19300]]])]: done applying updated cluster_state
[2013-11-19 12:46:39,611][DEBUG][index.shard.service      ] [Aardwolf] [dev.cpr.dk][1] scheduling refresher every 1s
[2013-11-19 12:46:39,611][DEBUG][index.shard.service      ] [Aardwolf] [dev.cpr.dk][1] scheduling optimizer / merger every 1s
[2013-11-19 12:46:39,615][DEBUG][indices.recovery         ] [Aardwolf] [dev.cpr.dk][1] recovery completed from [Aardwolf][7rjKVVGjRGSIO7xbfudkVA][inet[/20.45.104.80:19300]], took[146ms]
   phase1: recovered_files [1] with total_size of [986.1kb], took [25ms], throttling_wait [0s]
         : reusing_files   [108] with total_size of [985.9kb]
   phase2: start took [108ms]
         : recovered [0] transaction log operations, took [0s]
   phase3: recovered [0] transaction log operations, took [5ms]
[2013-11-19 12:46:39,616][DEBUG][cluster.action.shard     ] [Aardwolf] sending shard started for [dev.cpr.dk][1], node[3hp_VRZtRAe2kN5dKm2J0g], [R], s[INITIALIZING], reason [after recovery (replica) from node [[Aardwolf][7rjKVVGjRGSIO7xbfudkVA][inet[/20.45.104.80:19300]]]]
[2013-11-19 12:46:39,641][DEBUG][cluster.service          ] [Aardwolf] processing [zen-disco-receive(from master [[Aardwolf][7rjKVVGjRGSIO7xbfudkVA][inet[/20.45.104.80:19300]]])]: execute
[2013-11-19 12:46:39,643][DEBUG][cluster.service          ] [Aardwolf] cluster state updated, version [14], source [zen-disco-receive(from master [[Aardwolf][7rjKVVGjRGSIO7xbfudkVA][inet[/20.45.104.80:19300]]])]
[2013-11-19 12:46:39,651][DEBUG][cluster.service          ] [Aardwolf] processing [zen-disco-receive(from master [[Aardwolf][7rjKVVGjRGSIO7xbfudkVA][inet[/20.45.104.80:19300]]])]: done applying updated cluster_state
[2013-11-19 12:46:39,669][DEBUG][index.engine.robin       ] [Aardwolf] [dev.cpr.dk][3] starting engine
[2013-11-19 12:46:39,676][DEBUG][cluster.service          ] [Aardwolf] processing [zen-disco-receive(from master [[Aardwolf][7rjKVVGjRGSIO7xbfudkVA][inet[/20.45.104.80:19300]]])]: execute
[2013-11-19 12:46:39,677][DEBUG][cluster.service          ] [Aardwolf] cluster state updated, version [15], source [zen-disco-receive(from master [[Aardwolf][7rjKVVGjRGSIO7xbfudkVA][inet[/20.45.104.80:19300]]])]
[2013-11-19 12:46:39,678][DEBUG][indices.cluster          ] [Aardwolf] [dev.cpr.dk][2] creating shard
[2013-11-19 12:46:39,679][DEBUG][index.service            ] [Aardwolf] [dev.cpr.dk] creating shard_id [2]
[2013-11-19 12:46:39,736][DEBUG][index.deletionpolicy     ] [Aardwolf] [dev.cpr.dk][2] Using [keep_only_last] deletion policy
[2013-11-19 12:46:39,738][DEBUG][index.merge.policy       ] [Aardwolf] [dev.cpr.dk][2] using [tiered] merge policy with expunge_deletes_allowed[10.0], floor_segment[2mb], max_merge_at_once[10], max_merge_at_once_explicit[30], max_merged_segment[5gb], segments_per_tier[10.0], reclaim_deletes_weight[2.0], async_merge[true]
[2013-11-19 12:46:39,739][DEBUG][index.merge.scheduler    ] [Aardwolf] [dev.cpr.dk][2] using [concurrent] merge scheduler with max_thread_count[2]
[2013-11-19 12:46:39,740][DEBUG][index.shard.service      ] [Aardwolf] [dev.cpr.dk][2] state: [CREATED]
[2013-11-19 12:46:39,740][DEBUG][index.translog           ] [Aardwolf] [dev.cpr.dk][2] interval [5s], flush_threshold_ops [5000], flush_threshold_size [200mb], flush_threshold_period [30m]
[2013-11-19 12:46:39,741][DEBUG][indices.memory           ] [Aardwolf] recalculating shard indexing buffer (reason=created_shard[dev.cpr.dk][2]), total is [99mb] with [4] active shards, each shard set to [24.7mb]
[2013-11-19 12:46:39,742][DEBUG][index.engine.robin       ] [Aardwolf] [dev.cpr.dk][0] updating index_buffer_size from [33mb] to [24.7mb]
[2013-11-19 12:46:39,742][DEBUG][index.engine.robin       ] [Aardwolf] [dev.cpr.dk][1] updating index_buffer_size from [33mb] to [24.7mb]
[2013-11-19 12:46:39,771][DEBUG][index.engine.robin       ] [Aardwolf] [dev.cpr.dk][3] updating index_buffer_size from [64mb] to [24.7mb]
[2013-11-19 12:46:39,771][DEBUG][index.engine.robin       ] [Aardwolf] [dev.cpr.dk][4] updating index_buffer_size from [33mb] to [24.7mb]
[2013-11-19 12:46:39,772][DEBUG][index.shard.service      ] [Aardwolf] [dev.cpr.dk][2] state: [CREATED]->[RECOVERING], reason [from [Aardwolf][7rjKVVGjRGSIO7xbfudkVA][inet[/20.45.104.80:19300]]]
[2013-11-19 12:46:39,773][DEBUG][index.shard.service      ] [Aardwolf] [dev.cpr.dk][3] state: [RECOVERING]->[STARTED], reason [post recovery]
[2013-11-19 12:46:39,773][DEBUG][index.shard.service      ] [Aardwolf] [dev.cpr.dk][3] scheduling refresher every 1s
[2013-11-19 12:46:39,774][DEBUG][index.shard.service      ] [Aardwolf] [dev.cpr.dk][3] scheduling optimizer / merger every 1s
[2013-11-19 12:46:39,774][DEBUG][cluster.service          ] [Aardwolf] processing [zen-disco-receive(from master [[Aardwolf][7rjKVVGjRGSIO7xbfudkVA][inet[/20.45.104.80:19300]]])]: done applying updated cluster_state
[2013-11-19 12:46:39,776][DEBUG][indices.recovery         ] [Aardwolf] [dev.cpr.dk][3] recovery completed from [Aardwolf][7rjKVVGjRGSIO7xbfudkVA][inet[/20.45.104.80:19300]], took[167ms]
   phase1: recovered_files [1] with total_size of [957.4kb], took [57ms], throttling_wait [0s]
         : reusing_files   [96] with total_size of [957.1kb]
   phase2: start took [102ms]
         : recovered [0] transaction log operations, took [0s]
   phase3: recovered [0] transaction log operations, took [4ms]
[2013-11-19 12:46:39,777][DEBUG][cluster.action.shard     ] [Aardwolf] sending shard started for [dev.cpr.dk][3], node[3hp_VRZtRAe2kN5dKm2J0g], [R], s[INITIALIZING], reason [after recovery (replica) from node [[Aardwolf][7rjKVVGjRGSIO7xbfudkVA][inet[/20.45.104.80:19300]]]]
[2013-11-19 12:46:39,785][DEBUG][cluster.service          ] [Aardwolf] processing [zen-disco-receive(from master [[Aardwolf][7rjKVVGjRGSIO7xbfudkVA][inet[/20.45.104.80:19300]]])]: execute
[2013-11-19 12:46:39,785][DEBUG][cluster.service          ] [Aardwolf] cluster state updated, version [16], source [zen-disco-receive(from master [[Aardwolf][7rjKVVGjRGSIO7xbfudkVA][inet[/20.45.104.80:19300]]])]
[2013-11-19 12:46:39,797][DEBUG][cluster.service          ] [Aardwolf] processing [zen-disco-receive(from master [[Aardwolf][7rjKVVGjRGSIO7xbfudkVA][inet[/20.45.104.80:19300]]])]: done applying updated cluster_state
[2013-11-19 12:46:39,803][DEBUG][index.engine.robin       ] [Aardwolf] [dev.cpr.dk][2] starting engine
[2013-11-19 12:46:39,830][DEBUG][index.shard.service      ] [Aardwolf] [dev.cpr.dk][2] state: [RECOVERING]->[STARTED], reason [post recovery]
[2013-11-19 12:46:39,830][DEBUG][index.shard.service      ] [Aardwolf] [dev.cpr.dk][2] scheduling refresher every 1s
[2013-11-19 12:46:39,831][DEBUG][index.shard.service      ] [Aardwolf] [dev.cpr.dk][2] scheduling optimizer / merger every 1s
[2013-11-19 12:46:39,832][DEBUG][indices.recovery         ] [Aardwolf] [dev.cpr.dk][2] recovery completed from [Aardwolf][7rjKVVGjRGSIO7xbfudkVA][inet[/20.45.104.80:19300]], took[59ms]
   phase1: recovered_files [1] with total_size of [858.6kb], took [29ms], throttling_wait [0s]
         : reusing_files   [24] with total_size of [858.5kb]
   phase2: start took [26ms]
         : recovered [0] transaction log operations, took [0s]
   phase3: recovered [0] transaction log operations, took [3ms]
[2013-11-19 12:46:39,833][DEBUG][cluster.action.shard     ] [Aardwolf] sending shard started for [dev.cpr.dk][2], node[3hp_VRZtRAe2kN5dKm2J0g], [R], s[INITIALIZING], reason [after recovery (replica) from node [[Aardwolf][7rjKVVGjRGSIO7xbfudkVA][inet[/20.45.104.80:19300]]]]
[2013-11-19 12:46:39,837][DEBUG][cluster.service          ] [Aardwolf] processing [zen-disco-receive(from master [[Aardwolf][7rjKVVGjRGSIO7xbfudkVA][inet[/20.45.104.80:19300]]])]: execute
[2013-11-19 12:46:39,838][DEBUG][cluster.service          ] [Aardwolf] cluster state updated, version [17], source [zen-disco-receive(from master [[Aardwolf][7rjKVVGjRGSIO7xbfudkVA][inet[/20.45.104.80:19300]]])]
[2013-11-19 12:46:39,842][DEBUG][cluster.service          ] [Aardwolf] processing [zen-disco-receive(from master [[Aardwolf][7rjKVVGjRGSIO7xbfudkVA][inet[/20.45.104.80:19300]]])]: done applying updated cluster_state
